[
  {
    "line": 1,
    "elements": [
      {
        "line": 3,
        "name": "Common steps for every scenarion",
        "description": "",
        "type": "background",
        "keyword": "Background",
        "steps": [
          {
            "result": {
              "duration": 2300300,
              "status": "skipped"
            },
            "line": 4,
            "name": "User Launch Chrome browser",
            "match": {
              "location": "Steps.user_Launch_Chrome_browser()"
            },
            "keyword": "Given "
          },
          {
            "result": {
              "duration": 909500,
              "status": "skipped"
            },
            "line": 5,
            "name": "User opens URL \"http://admin-deno.nopcommerce.com/login\"",
            "match": {
              "arguments": [
                {
                  "val": "\"http://admin-deno.nopcommerce.com/login\"",
                  "offset": 15
                }
              ],
              "location": "Steps.user_opens_URL(String)"
            },
            "keyword": "When "
          },
          {
            "result": {
              "duration": 999000,
              "status": "skipped"
            },
            "line": 6,
            "name": "User enters Email as \"admin@yourstore.com\" and Password as \"admin\"",
            "match": {
              "arguments": [
                {
                  "val": "\"admin@yourstore.com\"",
                  "offset": 21
                },
                {
                  "val": "\"admin\"",
                  "offset": 59
                }
              ],
              "location": "Steps.user_enters_Email_as_and_Password_as(String,String)"
            },
            "keyword": "And "
          },
          {
            "result": {
              "duration": 846900,
              "status": "skipped"
            },
            "line": 7,
            "name": "Click on Login",
            "match": {
              "location": "Steps.click_on_Login()"
            },
            "keyword": "And "
          },
          {
            "result": {
              "duration": 815400,
              "status": "skipped"
            },
            "line": 8,
            "name": "User can view Dashboad",
            "match": {
              "location": "Steps.user_can_view_Dashboad()"
            },
            "keyword": "Then "
          }
        ]
      },
      {
        "start_timestamp": "2022-03-04T13:37:27.584Z",
        "before": [
          {
            "result": {
              "error_message": "org.openqa.selenium.SessionNotCreatedException: session not created: This version of ChromeDriver only supports Chrome version 97\nCurrent browser version is 99.0.4844.51 with binary path C:\\Program Files (x86)\\Google\\Chrome\\Application\\chrome.exe\nBuild info: version: \u00273.141.59\u0027, revision: \u0027e82be7d358\u0027, time: \u00272018-11-14T08:17:03\u0027\nSystem info: host: \u0027DESKTOP-UAU9ODK\u0027, ip: \u0027192.168.0.186\u0027, os.name: \u0027Windows 10\u0027, os.arch: \u0027amd64\u0027, os.version: \u002710.0\u0027, java.version: \u002715.0.2\u0027\nDriver info: driver.version: ChromeDriver\nremote stacktrace: Backtrace:\n\tOrdinal0 [0x0063FDC3+2555331]\n\tOrdinal0 [0x005D77F1+2127857]\n\tOrdinal0 [0x004D2E08+1060360]\n\tOrdinal0 [0x004F19CA+1186250]\n\tOrdinal0 [0x004ED825+1169445]\n\tOrdinal0 [0x004EAFC1+1159105]\n\tOrdinal0 [0x0051C22F+1360431]\n\tOrdinal0 [0x0051BE9A+1359514]\n\tOrdinal0 [0x00517976+1341814]\n\tOrdinal0 [0x004F36B6+1193654]\n\tOrdinal0 [0x004F4546+1197382]\n\tGetHandleVerifier [0x007D9622+1619522]\n\tGetHandleVerifier [0x0088882C+2336844]\n\tGetHandleVerifier [0x006D23E1+541697]\n\tGetHandleVerifier [0x006D1443+537699]\n\tOrdinal0 [0x005DD18E+2150798]\n\tOrdinal0 [0x005E1518+2168088]\n\tOrdinal0 [0x005E1660+2168416]\n\tOrdinal0 [0x005EB330+2208560]\n\tBaseThreadInitThunk [0x7700FA29+25]\n\tRtlGetAppContainerNamedObjectPath [0x77627A7E+286]\n\tRtlGetAppContainerNamedObjectPath [0x77627A4E+238]\n\r\n\tat java.base/jdk.internal.reflect.NativeConstructorAccessorImpl.newInstance0(Native Method)\r\n\tat java.base/jdk.internal.reflect.NativeConstructorAccessorImpl.newInstance(NativeConstructorAccessorImpl.java:64)\r\n\tat java.base/jdk.internal.reflect.DelegatingConstructorAccessorImpl.newInstance(DelegatingConstructorAccessorImpl.java:45)\r\n\tat java.base/java.lang.reflect.Constructor.newInstanceWithCaller(Constructor.java:500)\r\n\tat java.base/java.lang.reflect.Constructor.newInstance(Constructor.java:481)\r\n\tat org.openqa.selenium.remote.W3CHandshakeResponse.lambda$errorHandler$0(W3CHandshakeResponse.java:62)\r\n\tat org.openqa.selenium.remote.HandshakeResponse.lambda$getResponseFunction$0(HandshakeResponse.java:30)\r\n\tat org.openqa.selenium.remote.ProtocolHandshake.lambda$createSession$0(ProtocolHandshake.java:126)\r\n\tat java.base/java.util.stream.ReferencePipeline$3$1.accept(ReferencePipeline.java:195)\r\n\tat java.base/java.util.Spliterators$ArraySpliterator.tryAdvance(Spliterators.java:958)\r\n\tat java.base/java.util.stream.ReferencePipeline.forEachWithCancel(ReferencePipeline.java:127)\r\n\tat java.base/java.util.stream.AbstractPipeline.copyIntoWithCancel(AbstractPipeline.java:502)\r\n\tat java.base/java.util.stream.AbstractPipeline.copyInto(AbstractPipeline.java:488)\r\n\tat java.base/java.util.stream.AbstractPipeline.wrapAndCopyInto(AbstractPipeline.java:474)\r\n\tat java.base/java.util.stream.FindOps$FindOp.evaluateSequential(FindOps.java:150)\r\n\tat java.base/java.util.stream.AbstractPipeline.evaluate(AbstractPipeline.java:234)\r\n\tat java.base/java.util.stream.ReferencePipeline.findFirst(ReferencePipeline.java:543)\r\n\tat org.openqa.selenium.remote.ProtocolHandshake.createSession(ProtocolHandshake.java:128)\r\n\tat org.openqa.selenium.remote.ProtocolHandshake.createSession(ProtocolHandshake.java:74)\r\n\tat org.openqa.selenium.remote.HttpCommandExecutor.execute(HttpCommandExecutor.java:136)\r\n\tat org.openqa.selenium.remote.service.DriverCommandExecutor.execute(DriverCommandExecutor.java:83)\r\n\tat org.openqa.selenium.remote.RemoteWebDriver.execute(RemoteWebDriver.java:552)\r\n\tat org.openqa.selenium.remote.RemoteWebDriver.startSession(RemoteWebDriver.java:213)\r\n\tat org.openqa.selenium.remote.RemoteWebDriver.\u003cinit\u003e(RemoteWebDriver.java:131)\r\n\tat org.openqa.selenium.chrome.ChromeDriver.\u003cinit\u003e(ChromeDriver.java:181)\r\n\tat org.openqa.selenium.chrome.ChromeDriver.\u003cinit\u003e(ChromeDriver.java:168)\r\n\tat org.openqa.selenium.chrome.ChromeDriver.\u003cinit\u003e(ChromeDriver.java:123)\r\n\tat stepDefinations.Steps.ChromeLanching(Steps.java:29)\r\n\tat java.base/jdk.internal.reflect.NativeMethodAccessorImpl.invoke0(Native Method)\r\n\tat java.base/jdk.internal.reflect.NativeMethodAccessorImpl.invoke(NativeMethodAccessorImpl.java:64)\r\n\tat java.base/jdk.internal.reflect.DelegatingMethodAccessorImpl.invoke(DelegatingMethodAccessorImpl.java:43)\r\n\tat java.base/java.lang.reflect.Method.invoke(Method.java:564)\r\n\tat cucumber.runtime.Utils$1.call(Utils.java:26)\r\n\tat cucumber.runtime.Timeout.timeout(Timeout.java:16)\r\n\tat cucumber.runtime.Utils.invoke(Utils.java:20)\r\n\tat cucumber.runtime.java.JavaHookDefinition.execute(JavaHookDefinition.java:60)\r\n\tat cucumber.runner.HookDefinitionMatch.runStep(HookDefinitionMatch.java:16)\r\n\tat cucumber.runner.TestStep.executeStep(TestStep.java:65)\r\n\tat cucumber.runner.TestStep.run(TestStep.java:50)\r\n\tat cucumber.runner.TestCase.run(TestCase.java:42)\r\n\tat cucumber.runner.Runner.runPickle(Runner.java:50)\r\n\tat cucumber.runtime.junit.PickleRunners$NoStepDescriptions.run(PickleRunners.java:146)\r\n\tat cucumber.runtime.junit.FeatureRunner.runChild(FeatureRunner.java:68)\r\n\tat cucumber.runtime.junit.FeatureRunner.runChild(FeatureRunner.java:23)\r\n\tat org.junit.runners.ParentRunner$3.run(ParentRunner.java:290)\r\n\tat org.junit.runners.ParentRunner$1.schedule(ParentRunner.java:71)\r\n\tat org.junit.runners.ParentRunner.runChildren(ParentRunner.java:288)\r\n\tat org.junit.runners.ParentRunner.access$000(ParentRunner.java:58)\r\n\tat org.junit.runners.ParentRunner$2.evaluate(ParentRunner.java:268)\r\n\tat org.junit.runners.ParentRunner.run(ParentRunner.java:363)\r\n\tat cucumber.runtime.junit.FeatureRunner.run(FeatureRunner.java:73)\r\n\tat cucumber.api.junit.Cucumber.runChild(Cucumber.java:126)\r\n\tat cucumber.api.junit.Cucumber.runChild(Cucumber.java:66)\r\n\tat org.junit.runners.ParentRunner$3.run(ParentRunner.java:290)\r\n\tat org.junit.runners.ParentRunner$1.schedule(ParentRunner.java:71)\r\n\tat org.junit.runners.ParentRunner.runChildren(ParentRunner.java:288)\r\n\tat org.junit.runners.ParentRunner.access$000(ParentRunner.java:58)\r\n\tat org.junit.runners.ParentRunner$2.evaluate(ParentRunner.java:268)\r\n\tat cucumber.api.junit.Cucumber$RunCucumber.evaluate(Cucumber.java:156)\r\n\tat org.junit.runners.ParentRunner.run(ParentRunner.java:363)\r\n\tat org.eclipse.jdt.internal.junit4.runner.JUnit4TestReference.run(JUnit4TestReference.java:89)\r\n\tat org.eclipse.jdt.internal.junit.runner.TestExecution.run(TestExecution.java:40)\r\n\tat org.eclipse.jdt.internal.junit.runner.RemoteTestRunner.runTests(RemoteTestRunner.java:541)\r\n\tat org.eclipse.jdt.internal.junit.runner.RemoteTestRunner.runTests(RemoteTestRunner.java:768)\r\n\tat org.eclipse.jdt.internal.junit.runner.RemoteTestRunner.run(RemoteTestRunner.java:464)\r\n\tat org.eclipse.jdt.internal.junit.runner.RemoteTestRunner.main(RemoteTestRunner.java:210)\r\n",
              "duration": 5052563000,
              "status": "failed"
            },
            "match": {
              "location": "Steps.ChromeLanching()"
            }
          }
        ],
        "line": 11,
        "name": "Add a new Customer",
        "description": "",
        "id": "customers;add-a-new-customer",
        "type": "scenario",
        "keyword": "Scenario",
        "steps": [
          {
            "result": {
              "duration": 3981300,
              "status": "skipped"
            },
            "line": 17,
            "name": "User click on customers Menu",
            "match": {
              "location": "Steps.user_click_on_customers_Menu()"
            },
            "keyword": "And "
          },
          {
            "result": {
              "duration": 1094700,
              "status": "skipped"
            },
            "line": 18,
            "name": "click on customers Menu Item",
            "match": {
              "location": "Steps.click_on_customers_Menu_Item()"
            },
            "keyword": "And "
          },
          {
            "result": {
              "duration": 1738600,
              "status": "skipped"
            },
            "line": 19,
            "name": "click on Add new button",
            "match": {
              "location": "Steps.click_on_Add_new_button()"
            },
            "keyword": "And "
          },
          {
            "result": {
              "duration": 977200,
              "status": "skipped"
            },
            "line": 20,
            "name": "User can view Add new customer page",
            "match": {
              "location": "Steps.user_can_view_Add_new_customer_page()"
            },
            "keyword": "Then "
          },
          {
            "result": {
              "duration": 858300,
              "status": "skipped"
            },
            "line": 21,
            "name": "User enter customer inf And click on Save button",
            "match": {
              "location": "Steps.user_enter_customer_inf_And_click_on_Save_button()"
            },
            "keyword": "When "
          },
          {
            "result": {
              "duration": 1542100,
              "status": "skipped"
            },
            "line": 22,
            "name": "User can view confirma message \"The new customer has been added successfully.\"",
            "match": {
              "arguments": [
                {
                  "val": "\"The new customer has been added successfully.\"",
                  "offset": 31
                }
              ],
              "location": "Steps.user_can_view_confirma_message(String)"
            },
            "keyword": "Then "
          },
          {
            "result": {
              "duration": 1609600,
              "status": "skipped"
            },
            "line": 23,
            "name": "close browser",
            "match": {
              "location": "Steps.close_browser()"
            },
            "keyword": "And "
          }
        ],
        "tags": [
          {
            "name": "@smoke"
          }
        ]
      }
    ],
    "name": "Customers",
    "description": "",
    "id": "customers",
    "keyword": "Feature",
    "uri": "file:Features/Customer.feature",
    "tags": []
  },
  {
    "line": 1,
    "elements": [
      {
        "start_timestamp": "2022-03-04T13:37:32.857Z",
        "before": [
          {
            "result": {
              "error_message": "org.openqa.selenium.SessionNotCreatedException: session not created: This version of ChromeDriver only supports Chrome version 97\nCurrent browser version is 99.0.4844.51 with binary path C:\\Program Files (x86)\\Google\\Chrome\\Application\\chrome.exe\nBuild info: version: \u00273.141.59\u0027, revision: \u0027e82be7d358\u0027, time: \u00272018-11-14T08:17:03\u0027\nSystem info: host: \u0027DESKTOP-UAU9ODK\u0027, ip: \u0027192.168.0.186\u0027, os.name: \u0027Windows 10\u0027, os.arch: \u0027amd64\u0027, os.version: \u002710.0\u0027, java.version: \u002715.0.2\u0027\nDriver info: driver.version: ChromeDriver\nremote stacktrace: Backtrace:\n\tOrdinal0 [0x0063FDC3+2555331]\n\tOrdinal0 [0x005D77F1+2127857]\n\tOrdinal0 [0x004D2E08+1060360]\n\tOrdinal0 [0x004F19CA+1186250]\n\tOrdinal0 [0x004ED825+1169445]\n\tOrdinal0 [0x004EAFC1+1159105]\n\tOrdinal0 [0x0051C22F+1360431]\n\tOrdinal0 [0x0051BE9A+1359514]\n\tOrdinal0 [0x00517976+1341814]\n\tOrdinal0 [0x004F36B6+1193654]\n\tOrdinal0 [0x004F4546+1197382]\n\tGetHandleVerifier [0x007D9622+1619522]\n\tGetHandleVerifier [0x0088882C+2336844]\n\tGetHandleVerifier [0x006D23E1+541697]\n\tGetHandleVerifier [0x006D1443+537699]\n\tOrdinal0 [0x005DD18E+2150798]\n\tOrdinal0 [0x005E1518+2168088]\n\tOrdinal0 [0x005E1660+2168416]\n\tOrdinal0 [0x005EB330+2208560]\n\tBaseThreadInitThunk [0x7700FA29+25]\n\tRtlGetAppContainerNamedObjectPath [0x77627A7E+286]\n\tRtlGetAppContainerNamedObjectPath [0x77627A4E+238]\n\r\n\tat java.base/jdk.internal.reflect.NativeConstructorAccessorImpl.newInstance0(Native Method)\r\n\tat java.base/jdk.internal.reflect.NativeConstructorAccessorImpl.newInstance(NativeConstructorAccessorImpl.java:64)\r\n\tat java.base/jdk.internal.reflect.DelegatingConstructorAccessorImpl.newInstance(DelegatingConstructorAccessorImpl.java:45)\r\n\tat java.base/java.lang.reflect.Constructor.newInstanceWithCaller(Constructor.java:500)\r\n\tat java.base/java.lang.reflect.Constructor.newInstance(Constructor.java:481)\r\n\tat org.openqa.selenium.remote.W3CHandshakeResponse.lambda$errorHandler$0(W3CHandshakeResponse.java:62)\r\n\tat org.openqa.selenium.remote.HandshakeResponse.lambda$getResponseFunction$0(HandshakeResponse.java:30)\r\n\tat org.openqa.selenium.remote.ProtocolHandshake.lambda$createSession$0(ProtocolHandshake.java:126)\r\n\tat java.base/java.util.stream.ReferencePipeline$3$1.accept(ReferencePipeline.java:195)\r\n\tat java.base/java.util.Spliterators$ArraySpliterator.tryAdvance(Spliterators.java:958)\r\n\tat java.base/java.util.stream.ReferencePipeline.forEachWithCancel(ReferencePipeline.java:127)\r\n\tat java.base/java.util.stream.AbstractPipeline.copyIntoWithCancel(AbstractPipeline.java:502)\r\n\tat java.base/java.util.stream.AbstractPipeline.copyInto(AbstractPipeline.java:488)\r\n\tat java.base/java.util.stream.AbstractPipeline.wrapAndCopyInto(AbstractPipeline.java:474)\r\n\tat java.base/java.util.stream.FindOps$FindOp.evaluateSequential(FindOps.java:150)\r\n\tat java.base/java.util.stream.AbstractPipeline.evaluate(AbstractPipeline.java:234)\r\n\tat java.base/java.util.stream.ReferencePipeline.findFirst(ReferencePipeline.java:543)\r\n\tat org.openqa.selenium.remote.ProtocolHandshake.createSession(ProtocolHandshake.java:128)\r\n\tat org.openqa.selenium.remote.ProtocolHandshake.createSession(ProtocolHandshake.java:74)\r\n\tat org.openqa.selenium.remote.HttpCommandExecutor.execute(HttpCommandExecutor.java:136)\r\n\tat org.openqa.selenium.remote.service.DriverCommandExecutor.execute(DriverCommandExecutor.java:83)\r\n\tat org.openqa.selenium.remote.RemoteWebDriver.execute(RemoteWebDriver.java:552)\r\n\tat org.openqa.selenium.remote.RemoteWebDriver.startSession(RemoteWebDriver.java:213)\r\n\tat org.openqa.selenium.remote.RemoteWebDriver.\u003cinit\u003e(RemoteWebDriver.java:131)\r\n\tat org.openqa.selenium.chrome.ChromeDriver.\u003cinit\u003e(ChromeDriver.java:181)\r\n\tat org.openqa.selenium.chrome.ChromeDriver.\u003cinit\u003e(ChromeDriver.java:168)\r\n\tat org.openqa.selenium.chrome.ChromeDriver.\u003cinit\u003e(ChromeDriver.java:123)\r\n\tat stepDefinations.Steps.ChromeLanching(Steps.java:29)\r\n\tat java.base/jdk.internal.reflect.NativeMethodAccessorImpl.invoke0(Native Method)\r\n\tat java.base/jdk.internal.reflect.NativeMethodAccessorImpl.invoke(NativeMethodAccessorImpl.java:64)\r\n\tat java.base/jdk.internal.reflect.DelegatingMethodAccessorImpl.invoke(DelegatingMethodAccessorImpl.java:43)\r\n\tat java.base/java.lang.reflect.Method.invoke(Method.java:564)\r\n\tat cucumber.runtime.Utils$1.call(Utils.java:26)\r\n\tat cucumber.runtime.Timeout.timeout(Timeout.java:16)\r\n\tat cucumber.runtime.Utils.invoke(Utils.java:20)\r\n\tat cucumber.runtime.java.JavaHookDefinition.execute(JavaHookDefinition.java:60)\r\n\tat cucumber.runner.HookDefinitionMatch.runStep(HookDefinitionMatch.java:16)\r\n\tat cucumber.runner.TestStep.executeStep(TestStep.java:65)\r\n\tat cucumber.runner.TestStep.run(TestStep.java:50)\r\n\tat cucumber.runner.TestCase.run(TestCase.java:42)\r\n\tat cucumber.runner.Runner.runPickle(Runner.java:50)\r\n\tat cucumber.runtime.junit.PickleRunners$NoStepDescriptions.run(PickleRunners.java:146)\r\n\tat cucumber.runtime.junit.FeatureRunner.runChild(FeatureRunner.java:68)\r\n\tat cucumber.runtime.junit.FeatureRunner.runChild(FeatureRunner.java:23)\r\n\tat org.junit.runners.ParentRunner$3.run(ParentRunner.java:290)\r\n\tat org.junit.runners.ParentRunner$1.schedule(ParentRunner.java:71)\r\n\tat org.junit.runners.ParentRunner.runChildren(ParentRunner.java:288)\r\n\tat org.junit.runners.ParentRunner.access$000(ParentRunner.java:58)\r\n\tat org.junit.runners.ParentRunner$2.evaluate(ParentRunner.java:268)\r\n\tat org.junit.runners.ParentRunner.run(ParentRunner.java:363)\r\n\tat cucumber.runtime.junit.FeatureRunner.run(FeatureRunner.java:73)\r\n\tat cucumber.api.junit.Cucumber.runChild(Cucumber.java:126)\r\n\tat cucumber.api.junit.Cucumber.runChild(Cucumber.java:66)\r\n\tat org.junit.runners.ParentRunner$3.run(ParentRunner.java:290)\r\n\tat org.junit.runners.ParentRunner$1.schedule(ParentRunner.java:71)\r\n\tat org.junit.runners.ParentRunner.runChildren(ParentRunner.java:288)\r\n\tat org.junit.runners.ParentRunner.access$000(ParentRunner.java:58)\r\n\tat org.junit.runners.ParentRunner$2.evaluate(ParentRunner.java:268)\r\n\tat cucumber.api.junit.Cucumber$RunCucumber.evaluate(Cucumber.java:156)\r\n\tat org.junit.runners.ParentRunner.run(ParentRunner.java:363)\r\n\tat org.eclipse.jdt.internal.junit4.runner.JUnit4TestReference.run(JUnit4TestReference.java:89)\r\n\tat org.eclipse.jdt.internal.junit.runner.TestExecution.run(TestExecution.java:40)\r\n\tat org.eclipse.jdt.internal.junit.runner.RemoteTestRunner.runTests(RemoteTestRunner.java:541)\r\n\tat org.eclipse.jdt.internal.junit.runner.RemoteTestRunner.runTests(RemoteTestRunner.java:768)\r\n\tat org.eclipse.jdt.internal.junit.runner.RemoteTestRunner.run(RemoteTestRunner.java:464)\r\n\tat org.eclipse.jdt.internal.junit.runner.RemoteTestRunner.main(RemoteTestRunner.java:210)\r\n",
              "duration": 1817649200,
              "status": "failed"
            },
            "match": {
              "location": "Steps.ChromeLanching()"
            }
          }
        ],
        "line": 4,
        "name": "Successful Login with Valid Credentials",
        "description": "",
        "id": "login;successful-login-with-valid-credentials",
        "type": "scenario",
        "keyword": "Scenario",
        "steps": [
          {
            "result": {
              "duration": 1216500,
              "status": "skipped"
            },
            "line": 5,
            "name": "User Launch Chrome browser",
            "match": {
              "location": "Steps.user_Launch_Chrome_browser()"
            },
            "keyword": "Given "
          },
          {
            "result": {
              "duration": 1331700,
              "status": "skipped"
            },
            "line": 6,
            "name": "User opens URL \"http://admin-demo.nopcommerce.com/login\"",
            "match": {
              "arguments": [
                {
                  "val": "\"http://admin-demo.nopcommerce.com/login\"",
                  "offset": 15
                }
              ],
              "location": "Steps.user_opens_URL(String)"
            },
            "keyword": "When "
          },
          {
            "result": {
              "duration": 1259800,
              "status": "skipped"
            },
            "line": 7,
            "name": "User enters Email as \"admin@yourstore.com\" and Password as \"admin\"",
            "match": {
              "arguments": [
                {
                  "val": "\"admin@yourstore.com\"",
                  "offset": 21
                },
                {
                  "val": "\"admin\"",
                  "offset": 59
                }
              ],
              "location": "Steps.user_enters_Email_as_and_Password_as(String,String)"
            },
            "keyword": "And "
          },
          {
            "result": {
              "duration": 1110800,
              "status": "skipped"
            },
            "line": 8,
            "name": "Click on Login",
            "match": {
              "location": "Steps.click_on_Login()"
            },
            "keyword": "And "
          },
          {
            "result": {
              "duration": 1678000,
              "status": "skipped"
            },
            "line": 9,
            "name": "Page Title should be \"Dashboard / nopCommerce administration\"",
            "match": {
              "arguments": [
                {
                  "val": "\"Dashboard / nopCommerce administration\"",
                  "offset": 21
                }
              ],
              "location": "Steps.page_Title_should_be(String)"
            },
            "keyword": "Then "
          },
          {
            "result": {
              "duration": 877100,
              "status": "skipped"
            },
            "line": 10,
            "name": "User click on Log out link",
            "match": {
              "location": "Steps.user_click_on_Log_out_link()"
            },
            "keyword": "When "
          },
          {
            "result": {
              "duration": 978000,
              "status": "skipped"
            },
            "line": 11,
            "name": "Page Title should be \"Your store. Login\"",
            "match": {
              "arguments": [
                {
                  "val": "\"Your store. Login\"",
                  "offset": 21
                }
              ],
              "location": "Steps.page_Title_should_be(String)"
            },
            "keyword": "Then "
          },
          {
            "result": {
              "duration": 791500,
              "status": "skipped"
            },
            "line": 12,
            "name": "close browser",
            "match": {
              "location": "Steps.close_browser()"
            },
            "keyword": "And "
          }
        ],
        "tags": [
          {
            "name": "@smoke"
          }
        ]
      }
    ],
    "name": "Login",
    "description": "",
    "id": "login",
    "keyword": "Feature",
    "uri": "file:Features/Login.feature",
    "tags": []
  }
]