<?xml version="1.0" encoding="UTF-8"?>
<testng-results total="6" passed="5" failed="1" skipped="0">
  <reporter-output>
  </reporter-output>
  <suite started-at="2022-05-30T12:28:46Z" name="Suite" finished-at="2022-05-30T12:28:46Z" duration-ms="0">
    <groups>
    </groups>
  </suite> <!-- Suite -->
  <suite started-at="2022-05-30T12:28:46Z" name="Suite1" finished-at="2022-05-30T12:28:46Z" duration-ms="18">
    <groups>
      <group name="smoke2">
        <method signature="PackageThree_ClassOne.closeUser()[pri:0, instance:packageThree.PackageThree_ClassOne@1b45c0e]" name="closeUser" class="packageThree.PackageThree_ClassOne"/>
      </group> <!-- smoke2 -->
      <group name="regression">
        <method signature="PackageThree_ClassOne.closeUser()[pri:0, instance:packageThree.PackageThree_ClassOne@1b45c0e]" name="closeUser" class="packageThree.PackageThree_ClassOne"/>
      </group> <!-- regression -->
    </groups>
    <test started-at="2022-05-30T12:28:46Z" name="Test" finished-at="2022-05-30T12:28:46Z" duration-ms="18">
      <class name="packageThree.PackageThree_ClassOne">
        <test-method signature="closeUser()[pri:0, instance:packageThree.PackageThree_ClassOne@1b45c0e]" started-at="2022-05-30T17:58:46Z" name="closeUser" finished-at="2022-05-30T17:58:46Z" duration-ms="7" status="PASS">
          <reporter-output>
          </reporter-output>
        </test-method> <!-- closeUser -->
      </class> <!-- packageThree.PackageThree_ClassOne -->
    </test> <!-- Test -->
  </suite> <!-- Suite1 -->
  <suite started-at="2022-05-30T12:28:46Z" name="Suite2" finished-at="2022-05-30T12:28:46Z" duration-ms="8">
    <groups>
    </groups>
    <test started-at="2022-05-30T12:28:46Z" name="Test" finished-at="2022-05-30T12:28:46Z" duration-ms="8">
      <class name="packageTwo.PackageTwo_ClassTwo">
        <test-method signature="login()[pri:0, instance:packageTwo.PackageTwo_ClassTwo@71e693fa]" started-at="2022-05-30T17:58:46Z" name="login" finished-at="2022-05-30T17:58:46Z" duration-ms="2" status="FAIL">
          <exception class="java.lang.AssertionError">
            <message>
              <![CDATA[expected object to not be null]]>
            </message>
            <full-stacktrace>
              <![CDATA[java.lang.AssertionError: expected object to not be null
	at org.testng.Assert.fail(Assert.java:94)
	at org.testng.Assert.assertNotNull(Assert.java:406)
	at org.testng.Assert.assertNotNull(Assert.java:391)
	at packageTwo.PackageTwo_ClassTwo.login(PackageTwo_ClassTwo.java:15)
	at java.base/jdk.internal.reflect.NativeMethodAccessorImpl.invoke0(Native Method)
	at java.base/jdk.internal.reflect.NativeMethodAccessorImpl.invoke(NativeMethodAccessorImpl.java:62)
	at java.base/jdk.internal.reflect.DelegatingMethodAccessorImpl.invoke(DelegatingMethodAccessorImpl.java:43)
	at java.base/java.lang.reflect.Method.invoke(Method.java:566)
	at org.testng.internal.MethodInvocationHelper.invokeMethod(MethodInvocationHelper.java:85)
	at org.testng.internal.Invoker.invokeMethod(Invoker.java:639)
	at org.testng.internal.Invoker.invokeTestMethod(Invoker.java:816)
	at org.testng.internal.Invoker.invokeTestMethods(Invoker.java:1124)
	at org.testng.internal.TestMethodWorker.invokeTestMethods(TestMethodWorker.java:125)
	at org.testng.internal.TestMethodWorker.run(TestMethodWorker.java:108)
	at org.testng.TestRunner.privateRun(TestRunner.java:774)
	at org.testng.TestRunner.run(TestRunner.java:624)
	at org.testng.SuiteRunner.runTest(SuiteRunner.java:359)
	at org.testng.SuiteRunner.runSequentially(SuiteRunner.java:354)
	at org.testng.SuiteRunner.privateRun(SuiteRunner.java:312)
	at org.testng.SuiteRunner.run(SuiteRunner.java:261)
	at org.testng.SuiteRunnerWorker.runSuite(SuiteRunnerWorker.java:52)
	at org.testng.SuiteRunnerWorker.run(SuiteRunnerWorker.java:86)
	at org.testng.TestNG.runSuitesSequentially(TestNG.java:1191)
	at org.testng.TestNG.runSuitesSequentially(TestNG.java:1187)
	at org.testng.TestNG.runSuitesLocally(TestNG.java:1116)
	at org.testng.TestNG.run(TestNG.java:1024)
	at org.apache.maven.surefire.testng.TestNGExecutor.run(TestNGExecutor.java:324)
	at org.apache.maven.surefire.testng.TestNGXmlTestSuite.execute(TestNGXmlTestSuite.java:74)
	at org.apache.maven.surefire.testng.TestNGProvider.invoke(TestNGProvider.java:123)
	at org.apache.maven.surefire.booter.ForkedBooter.runSuitesInProcess(ForkedBooter.java:456)
	at org.apache.maven.surefire.booter.ForkedBooter.execute(ForkedBooter.java:169)
	at org.apache.maven.surefire.booter.ForkedBooter.run(ForkedBooter.java:595)
	at org.apache.maven.surefire.booter.ForkedBooter.main(ForkedBooter.java:581)
]]>
            </full-stacktrace>
          </exception> <!-- java.lang.AssertionError -->
          <reporter-output>
          </reporter-output>
        </test-method> <!-- login -->
        <test-method signature="methonTwo()[pri:2, instance:packageTwo.PackageTwo_ClassTwo@71e693fa]" started-at="2022-05-30T17:58:46Z" name="methonTwo" finished-at="2022-05-30T17:58:46Z" duration-ms="1" status="PASS">
          <reporter-output>
          </reporter-output>
        </test-method> <!-- methonTwo -->
        <test-method signature="methonThree()[pri:3, instance:packageTwo.PackageTwo_ClassTwo@71e693fa]" started-at="2022-05-30T17:58:46Z" name="methonThree" finished-at="2022-05-30T17:58:46Z" duration-ms="0" status="PASS">
          <reporter-output>
          </reporter-output>
        </test-method> <!-- methonThree -->
        <test-method signature="methonFour()[pri:4, instance:packageTwo.PackageTwo_ClassTwo@71e693fa]" started-at="2022-05-30T17:58:46Z" name="methonFour" finished-at="2022-05-30T17:58:46Z" duration-ms="1" status="PASS">
          <reporter-output>
          </reporter-output>
        </test-method> <!-- methonFour -->
        <test-method signature="methonFive()[pri:5, instance:packageTwo.PackageTwo_ClassTwo@71e693fa]" started-at="2022-05-30T17:58:46Z" name="methonFive" finished-at="2022-05-30T17:58:46Z" duration-ms="0" status="PASS">
          <reporter-output>
          </reporter-output>
        </test-method> <!-- methonFive -->
      </class> <!-- packageTwo.PackageTwo_ClassTwo -->
    </test> <!-- Test -->
  </suite> <!-- Suite2 -->
</testng-results>
