<?xml version="1.0" encoding="UTF-8"?>
<testng-results total="5" passed="4" failed="1" skipped="0">
  <reporter-output>
  </reporter-output>
  <suite started-at="2022-05-28T08:50:04Z" name="Suite2" finished-at="2022-05-28T08:50:04Z" duration-ms="24">
    <groups>
    </groups>
    <test started-at="2022-05-28T08:50:04Z" name="Test" finished-at="2022-05-28T08:50:04Z" duration-ms="24">
      <class name="packageTwo.PackageTwo_ClassTwo">
        <test-method signature="login()[pri:0, instance:packageTwo.PackageTwo_ClassTwo@34f6515b]" started-at="2022-05-28T14:20:04Z" name="login" finished-at="2022-05-28T14:20:04Z" duration-ms="9" status="FAIL">
          <exception class="java.lang.AssertionError">
            <message>
              <![CDATA[expected object to not be null]]>
            </message>
            <full-stacktrace>
              <![CDATA[java.lang.AssertionError: expected object to not be null
	at org.testng.Assert.fail(Assert.java:94)
	at org.testng.Assert.assertNotNull(Assert.java:406)
	at org.testng.Assert.assertNotNull(Assert.java:391)
	at packageTwo.PackageTwo_ClassTwo.login(PackageTwo_ClassTwo.java:15)
	at java.base/jdk.internal.reflect.NativeMethodAccessorImpl.invoke0(Native Method)
	at java.base/jdk.internal.reflect.NativeMethodAccessorImpl.invoke(NativeMethodAccessorImpl.java:62)
	at java.base/jdk.internal.reflect.DelegatingMethodAccessorImpl.invoke(DelegatingMethodAccessorImpl.java:43)
	at java.base/java.lang.reflect.Method.invoke(Method.java:566)
	at org.testng.internal.MethodInvocationHelper.invokeMethod(MethodInvocationHelper.java:85)
	at org.testng.internal.Invoker.invokeMethod(Invoker.java:639)
	at org.testng.internal.Invoker.invokeTestMethod(Invoker.java:816)
	at org.testng.internal.Invoker.invokeTestMethods(Invoker.java:1124)
	at org.testng.internal.TestMethodWorker.invokeTestMethods(TestMethodWorker.java:125)
	at org.testng.internal.TestMethodWorker.run(TestMethodWorker.java:108)
	at org.testng.TestRunner.privateRun(TestRunner.java:774)
	at org.testng.TestRunner.run(TestRunner.java:624)
	at org.testng.SuiteRunner.runTest(SuiteRunner.java:359)
	at org.testng.SuiteRunner.runSequentially(SuiteRunner.java:354)
	at org.testng.SuiteRunner.privateRun(SuiteRunner.java:312)
	at org.testng.SuiteRunner.run(SuiteRunner.java:261)
	at org.testng.SuiteRunnerWorker.runSuite(SuiteRunnerWorker.java:52)
	at org.testng.SuiteRunnerWorker.run(SuiteRunnerWorker.java:86)
	at org.testng.TestNG.runSuitesSequentially(TestNG.java:1191)
	at org.testng.TestNG.runSuitesLocally(TestNG.java:1116)
	at org.testng.TestNG.run(TestNG.java:1024)
	at org.testng.remote.AbstractRemoteTestNG.run(AbstractRemoteTestNG.java:115)
	at org.testng.remote.RemoteTestNG.initAndRun(RemoteTestNG.java:251)
	at org.testng.remote.RemoteTestNG.main(RemoteTestNG.java:77)
]]>
            </full-stacktrace>
          </exception> <!-- java.lang.AssertionError -->
          <reporter-output>
          </reporter-output>
        </test-method> <!-- login -->
        <test-method signature="methonTwo()[pri:2, instance:packageTwo.PackageTwo_ClassTwo@34f6515b]" started-at="2022-05-28T14:20:04Z" name="methonTwo" finished-at="2022-05-28T14:20:04Z" duration-ms="1" status="PASS">
          <reporter-output>
          </reporter-output>
        </test-method> <!-- methonTwo -->
        <test-method signature="methonThree()[pri:3, instance:packageTwo.PackageTwo_ClassTwo@34f6515b]" started-at="2022-05-28T14:20:04Z" name="methonThree" finished-at="2022-05-28T14:20:04Z" duration-ms="1" status="PASS">
          <reporter-output>
          </reporter-output>
        </test-method> <!-- methonThree -->
        <test-method signature="methonFour()[pri:4, instance:packageTwo.PackageTwo_ClassTwo@34f6515b]" started-at="2022-05-28T14:20:04Z" name="methonFour" finished-at="2022-05-28T14:20:04Z" duration-ms="1" status="PASS">
          <reporter-output>
          </reporter-output>
        </test-method> <!-- methonFour -->
        <test-method signature="methonFive()[pri:5, instance:packageTwo.PackageTwo_ClassTwo@34f6515b]" started-at="2022-05-28T14:20:04Z" name="methonFive" finished-at="2022-05-28T14:20:04Z" duration-ms="1" status="PASS">
          <reporter-output>
          </reporter-output>
        </test-method> <!-- methonFive -->
      </class> <!-- packageTwo.PackageTwo_ClassTwo -->
    </test> <!-- Test -->
  </suite> <!-- Suite2 -->
</testng-results>
